Arguments: 
  C:\Program Files\nodejs\node.exe C:\Users\minsu\AppData\Roaming\npm\node_modules\yarn\bin\yarn.js add react react-dom styled-components @babel-polyfill

PATH: 
  C:\Python310\Scripts\;C:\Python310\;C:\Python39\Scripts\;C:\Python39\;C:\Program Files (x86)\Common Files\Oracle\Java\javapath;C:\Windows\system32;C:\Windows;C:\Windows\System32\Wbem;C:\Windows\System32\WindowsPowerShell\v1.0\;C:\Windows\System32\OpenSSH\;C:\Program Files (x86)\NVIDIA Corporation\PhysX\Common;"C:\Program Files\Java\jdk-14.0.1\bin;";C:\WINDOWS\system32;C:\WINDOWS;C:\WINDOWS\System32\Wbem;C:\WINDOWS\System32\WindowsPowerShell\v1.0\;C:\WINDOWS\System32\OpenSSH\;C:\Program Files\dotnet\;C:\ProgramData\chocolatey\bin;C:\MinGW\bin;C:\Program Files\nodejs;C:\Program Files\Git\cmd;C:\Program Files\NVIDIA Corporation\NVIDIA NvDLISR;C:\Program Files\nodejs\;C:\Users\minsu\AppData\Local\Programs\Python\Python38-32\Scripts\;C:\Users\minsu\AppData\Local\Programs\Python\Python38-32\;C:\Users\minsu\AppData\Local\Microsoft\WindowsApps;;C:\Users\minsu\AppData\Local\Programs\Microsoft VS Code\bin;C:\Users\minsu\AppData\Roaming\npm

Yarn version: 
  1.22.10

Node version: 
  16.14.2

Platform: 
  win32 x64

Trace: 
  Error: https://registry.yarnpkg.com/@babel-polyfill: Request "https://registry.yarnpkg.com/@babel-polyfill" returned a 405
      at Request.params.callback [as _callback] (C:\Users\minsu\AppData\Roaming\npm\node_modules\yarn\lib\cli.js:66997:18)
      at Request.self.callback (C:\Users\minsu\AppData\Roaming\npm\node_modules\yarn\lib\cli.js:140662:22)
      at Request.emit (node:events:526:28)
      at Request.<anonymous> (C:\Users\minsu\AppData\Roaming\npm\node_modules\yarn\lib\cli.js:141634:10)
      at Request.emit (node:events:526:28)
      at IncomingMessage.<anonymous> (C:\Users\minsu\AppData\Roaming\npm\node_modules\yarn\lib\cli.js:141556:12)
      at Object.onceWrapper (node:events:645:28)
      at IncomingMessage.emit (node:events:538:35)
      at endReadableNT (node:internal/streams/readable:1345:12)
      at processTicksAndRejections (node:internal/process/task_queues:83:21)

npm manifest: 
  {
    "name": "react_ts_gameweb",
    "version": "1.0.0",
    "main": "index.js",
    "license": "MIT"
  }

yarn manifest: 
  No manifest

Lockfile: 
  No lockfile
